Myessoensis.XP_021368563.1_longchainfattyacidCoA_l
Myessoensis.XP_021368673.1_longchainfattyacidCoA_l
Myessoensis.XP_021368611.1_longchainfattyacidCoA_l
Lanatina.XP_013385717.1_longchainfattyacidCoA_liga
Bbelcheri.LOC109482367_longchainfattyacidCoA_ligas
Aplanci.LOC110987625_longchainfattyacidCoA_ligase_
Hsapiens.NP_055977.3_long-chain-fatty-acid--CoA_li
Hsapiens.NP_112186.3_long-chain-fatty-acid--CoA_li
Dmelanogaster.bgm_bubblegum_isoform_A
Dmelanogaster.hll_heimdall
Bbelcheri.LOC109485423_longchainfattyacidCoA_ligas
Lanatina.XP_013395507.1_longchainfattyacidCoA_liga
Myessoensis.XP_021350485.1_longchainfattyacidCoA_l
Lanatina.XP_013381850.1_longchainfattyacidCoA_liga
Hsapiens.NP_001986.2_long-chain-fatty-acid--CoA_li
Cintestinalis.LOC100175746_longchainfattyacidCoA_l
Aplanci.LOC110983877_longchainfattyacidCoA_ligase_
Hsapiens.NP_001009185.1_long-chain-fatty-acid--CoA
Lanatina.XP_013395506.1_longchainfattyacidCoA_liga
Myessoensis.XP_021358594.1_longchainfattyacidCoA_l
Bbelcheri.LOC109479541_longchainfattyacidCoA_ligas
Avaga.UJR15018.1_hypothetical_protein_I4U23_001995
Aplanci.LOC110973886_longchainfattyacidCoA_ligase_
Cintestinalis.LOC100185939_longchainfattyacidCoA_l
Hsapiens.NP_976313.1_long-chain-fatty-acid--CoA_li
Bbelcheri.LOC109470327_longchainfattyacidCoA_ligas
Dmelanogaster.CG3961_uncharacterized_protein_Dmel_
Egranulosus.XP_024351612.1_LongchainfattyacidCoA_l
Lanatina.XP_013392775.1_longchainfattyacidCoA_liga
Avaga.UJR32742.1_hypothetical_protein_I4U23_020201
Egranulosus.XP_024352788.1_LongchainfattyacidCoA_l
Avaga.UJR15662.1_hypothetical_protein_I4U23_002597
Avaga.UJR32409.1_hypothetical_protein_I4U23_019871
Avaga.UJR25501.1_hypothetical_protein_I4U23_006847
Lanatina.XP_013383556.1_longchainfattyacidCoA_liga
Avaga.UJR18225.1_hypothetical_protein_I4U23_005124
Avaga.UJR34834.1_hypothetical_protein_I4U23_027615
Avaga.UJR15664.1_hypothetical_protein_I4U23_002598
Bbelcheri.LOC109466554_longchainfattyacidCoA_ligas
Avaga.UJR31657.1_hypothetical_protein_I4U23_019138
Hsapiens.NP_001305439.1_long-chain-fatty-acid--CoA
