Avaga.UJR25501.1_hypothetical_protein_I4U23_006847	684	113	538	1.49e-80	pfam00501, AMP-binding, AMP-binding enzyme.  
Avaga.UJR15018.1_hypothetical_protein_I4U23_001995	706	124	572	1.07e-114	pfam00501, AMP-binding, AMP-binding enzyme.  
Avaga.UJR15662.1_hypothetical_protein_I4U23_002597	671	95	537	5.48e-81	pfam00501, AMP-binding, AMP-binding enzyme.  
Avaga.UJR15664.1_hypothetical_protein_I4U23_002598	674	71	540	1.51e-82	pfam00501, AMP-binding, AMP-binding enzyme.  
Avaga.UJR18225.1_hypothetical_protein_I4U23_005124	563	13	425	1.28e-76	pfam00501, AMP-binding, AMP-binding enzyme.  
Avaga.UJR31657.1_hypothetical_protein_I4U23_019138	711	111	577	2.28e-113	pfam00501, AMP-binding, AMP-binding enzyme.  
Avaga.UJR32409.1_hypothetical_protein_I4U23_019871	687	113	538	8.14e-80	pfam00501, AMP-binding, AMP-binding enzyme.  
Avaga.UJR32742.1_hypothetical_protein_I4U23_020201	676	107	538	2.27e-88	pfam00501, AMP-binding, AMP-binding enzyme.  
Avaga.UJR34834.1_hypothetical_protein_I4U23_027615	2320	113	536	3.88e-88	pfam00501, AMP-binding, AMP-binding enzyme.  
Avaga.UJR34834.1_hypothetical_protein_I4U23_027615	2320	1929	2311	8.83e-16	pfam02458, Transferase, Transferase family.  This family includes a number of transferase enzymes. These include anthranilate N-hydroxycinnamoyl/benzoyltransferase that catalyzes the first committed reaction of phytoalexin biosynthesis. Deacetylvindoline 4-O-acetyltransferase EC:2.3.1.107 catalyzes the last step in vindoline biosynthesis is also a member of this family. The motif HXXXD is probably part of the active site. The family also includes trichothecene 3-O-acetyltransferase.
Dmelanogaster.CG3961_uncharacterized_protein_Dmel_	704	128	570	2.77e-121	pfam00501, AMP-binding, AMP-binding enzyme.  
Dmelanogaster.bgm_bubblegum_isoform_A	666	52	518	6.13e-83	pfam00501, AMP-binding, AMP-binding enzyme.  
Dmelanogaster.hll_heimdall	681	42	514	5.71e-102	pfam00501, AMP-binding, AMP-binding enzyme.  
Cintestinalis.LOC100185939_longchainfattyacidCoA_l	699	118	565	8.33e-110	pfam00501, AMP-binding, AMP-binding enzyme.  
Cintestinalis.LOC100175746_longchainfattyacidCoA_l	726	145	592	2.56e-111	pfam00501, AMP-binding, AMP-binding enzyme.  
Egranulosus.XP_024352788.1_LongchainfattyacidCoA_l	756	107	586	9.68e-96	pfam00501, AMP-binding, AMP-binding enzyme.  
Egranulosus.XP_024351612.1_LongchainfattyacidCoA_l	679	64	530	1.14e-98	pfam00501, AMP-binding, AMP-binding enzyme.  
Lanatina.XP_013395506.1_longchainfattyacidCoA_liga	711	129	576	5.36e-115	pfam00501, AMP-binding, AMP-binding enzyme.  
Lanatina.XP_013395507.1_longchainfattyacidCoA_liga	702	119	567	1.45e-116	pfam00501, AMP-binding, AMP-binding enzyme.  
Lanatina.XP_013383556.1_longchainfattyacidCoA_liga	711	117	577	8.73e-103	pfam00501, AMP-binding, AMP-binding enzyme.  
Lanatina.XP_013381850.1_longchainfattyacidCoA_liga	681	101	546	3.73e-122	pfam00501, AMP-binding, AMP-binding enzyme.  
Lanatina.XP_013385717.1_longchainfattyacidCoA_liga	824	216	677	1.98e-93	pfam00501, AMP-binding, AMP-binding enzyme.  
Lanatina.XP_013392775.1_longchainfattyacidCoA_liga	711	117	577	8.85e-110	pfam00501, AMP-binding, AMP-binding enzyme.  
Bbelcheri.LOC109485423_longchainfattyacidCoA_ligas	702	121	568	1.71e-124	pfam00501, AMP-binding, AMP-binding enzyme.  
Bbelcheri.LOC109482367_longchainfattyacidCoA_ligas	739	113	574	3.31e-93	pfam00501, AMP-binding, AMP-binding enzyme.  
Bbelcheri.LOC109479541_longchainfattyacidCoA_ligas	681	93	546	2.45e-121	pfam00501, AMP-binding, AMP-binding enzyme.  
Bbelcheri.LOC109466554_longchainfattyacidCoA_ligas	755	139	594	1.83e-106	pfam00501, AMP-binding, AMP-binding enzyme.  
Bbelcheri.LOC109470327_longchainfattyacidCoA_ligas	661	78	526	5.62e-112	pfam00501, AMP-binding, AMP-binding enzyme.  
Aplanci.LOC110973886_longchainfattyacidCoA_ligase_	677	79	528	8.21e-106	pfam00501, AMP-binding, AMP-binding enzyme.  
Aplanci.LOC110983877_longchainfattyacidCoA_ligase_	712	134	579	1.13e-115	pfam00501, AMP-binding, AMP-binding enzyme.  
Aplanci.LOC110987625_longchainfattyacidCoA_ligase_	760	136	615	7.27e-86	pfam00501, AMP-binding, AMP-binding enzyme.  
Myessoensis.XP_021350485.1_longchainfattyacidCoA_l	682	101	547	4.23e-113	pfam00501, AMP-binding, AMP-binding enzyme.  
Myessoensis.XP_021368563.1_longchainfattyacidCoA_l	699	89	550	1.43e-87	pfam00501, AMP-binding, AMP-binding enzyme.  
Myessoensis.XP_021368611.1_longchainfattyacidCoA_l	683	70	534	2.43e-96	pfam00501, AMP-binding, AMP-binding enzyme.  
Myessoensis.XP_021368673.1_longchainfattyacidCoA_l	783	172	634	5.55e-99	pfam00501, AMP-binding, AMP-binding enzyme.  
Myessoensis.XP_021358594.1_longchainfattyacidCoA_l	686	104	549	3.74e-117	pfam00501, AMP-binding, AMP-binding enzyme.  
Hsapiens.NP_001305439.1_long-chain-fatty-acid--CoA	670	77	537	1.19e-113	pfam00501, AMP-binding, AMP-binding enzyme.  
Hsapiens.NP_976313.1_long-chain-fatty-acid--CoA_li	683	102	548	3.55e-135	pfam00501, AMP-binding, AMP-binding enzyme.  
Hsapiens.NP_055977.3_long-chain-fatty-acid--CoA_li	724	109	573	5.79e-106	pfam00501, AMP-binding, AMP-binding enzyme.  
Hsapiens.NP_001986.2_long-chain-fatty-acid--CoA_li	698	112	563	7.28e-130	pfam00501, AMP-binding, AMP-binding enzyme.  
Hsapiens.NP_112186.3_long-chain-fatty-acid--CoA_li	666	57	519	3.73e-78	pfam00501, AMP-binding, AMP-binding enzyme.  
Hsapiens.NP_001009185.1_long-chain-fatty-acid--CoA	722	142	588	2.82e-126	pfam00501, AMP-binding, AMP-binding enzyme.  
