Myessoensis.XP_021368563.1_longchainfattyacidCoA_l	100.000	699	0	0	0.0	1446	Myessoensis.XP_021368563.1_longchainfattyacidCoA_l
Myessoensis.XP_021368673.1_longchainfattyacidCoA_l	61.153	659	255	1	0.0	865	Myessoensis.XP_021368673.1_longchainfattyacidCoA_l
Myessoensis.XP_021368611.1_longchainfattyacidCoA_l	60.479	668	260	2	0.0	851	Myessoensis.XP_021368611.1_longchainfattyacidCoA_l
Lanatina.XP_013385717.1_longchainfattyacidCoA_liga	57.405	655	276	2	0.0	795	Lanatina.XP_013385717.1_longchainfattyacidCoA_liga
Bbelcheri.LOC109482367_longchainfattyacidCoA_ligas	54.799	646	292	0	0.0	757	Bbelcheri.LOC109482367_longchainfattyacidCoA_ligas
Aplanci.LOC110987625_longchainfattyacidCoA_ligase_	52.711	664	291	5	0.0	723	Aplanci.LOC110987625_longchainfattyacidCoA_ligase_
Hsapiens.NP_055977.3_long-chain-fatty-acid--CoA_li	48.607	646	327	2	0.0	627	Hsapiens.NP_055977.3_long-chain-fatty-acid--CoA_li
Hsapiens.NP_112186.3_long-chain-fatty-acid--CoA_li	48.281	640	328	3	0.0	619	Hsapiens.NP_112186.3_long-chain-fatty-acid--CoA_li
Dmelanogaster.bgm_bubblegum_isoform_A	44.769	650	349	6	0.0	535	Dmelanogaster.bgm_bubblegum_isoform_A
Dmelanogaster.hll_heimdall	35.620	685	398	11	1.93e-136	419	Dmelanogaster.hll_heimdall
Bbelcheri.LOC109485423_longchainfattyacidCoA_ligas	28.481	632	383	21	1.82e-57	209	Bbelcheri.LOC109485423_longchainfattyacidCoA_ligas
Lanatina.XP_013395507.1_longchainfattyacidCoA_liga	29.032	620	363	25	7.24e-55	202	Lanatina.XP_013395507.1_longchainfattyacidCoA_liga
Myessoensis.XP_021350485.1_longchainfattyacidCoA_l	28.431	612	368	22	1.08e-53	198	Myessoensis.XP_021350485.1_longchainfattyacidCoA_l
Lanatina.XP_013381850.1_longchainfattyacidCoA_liga	27.677	607	376	22	7.81e-50	187	Lanatina.XP_013381850.1_longchainfattyacidCoA_liga
Hsapiens.NP_001986.2_long-chain-fatty-acid--CoA_li	26.636	642	413	21	1.29e-49	187	Hsapiens.NP_001986.2_long-chain-fatty-acid--CoA_li
Cintestinalis.LOC100175746_longchainfattyacidCoA_l	28.969	611	385	23	3.22e-49	186	Cintestinalis.LOC100175746_longchainfattyacidCoA_l
Aplanci.LOC110983877_longchainfattyacidCoA_ligase_	26.797	612	387	15	1.97e-48	184	Aplanci.LOC110983877_longchainfattyacidCoA_ligase_
Hsapiens.NP_001009185.1_long-chain-fatty-acid--CoA	27.162	659	407	24	7.58e-47	179	Hsapiens.NP_001009185.1_long-chain-fatty-acid--CoA
Lanatina.XP_013395506.1_longchainfattyacidCoA_liga	27.259	675	406	27	1.94e-46	178	Lanatina.XP_013395506.1_longchainfattyacidCoA_liga
Myessoensis.XP_021358594.1_longchainfattyacidCoA_l	27.385	650	400	25	9.69e-46	176	Myessoensis.XP_021358594.1_longchainfattyacidCoA_l
Bbelcheri.LOC109479541_longchainfattyacidCoA_ligas	28.125	608	381	24	2.53e-45	174	Bbelcheri.LOC109479541_longchainfattyacidCoA_ligas
Avaga.UJR15018.1_hypothetical_protein_I4U23_001995	26.817	619	406	19	3.18e-45	174	Avaga.UJR15018.1_hypothetical_protein_I4U23_001995
Aplanci.LOC110973886_longchainfattyacidCoA_ligase_	28.028	710	412	25	6.41e-45	173	Aplanci.LOC110973886_longchainfattyacidCoA_ligase_
Cintestinalis.LOC100185939_longchainfattyacidCoA_l	27.732	613	382	23	2.47e-44	172	Cintestinalis.LOC100185939_longchainfattyacidCoA_l
Hsapiens.NP_976313.1_long-chain-fatty-acid--CoA_li	26.250	640	414	22	1.18e-43	169	Hsapiens.NP_976313.1_long-chain-fatty-acid--CoA_li
Bbelcheri.LOC109470327_longchainfattyacidCoA_ligas	26.227	652	408	23	1.47e-43	169	Bbelcheri.LOC109470327_longchainfattyacidCoA_ligas
Dmelanogaster.CG3961_uncharacterized_protein_Dmel_	26.917	613	369	22	4.30e-43	168	Dmelanogaster.CG3961_uncharacterized_protein_Dmel_
Egranulosus.XP_024351612.1_LongchainfattyacidCoA_l	25.802	655	405	23	8.24e-43	167	Egranulosus.XP_024351612.1_LongchainfattyacidCoA_l
Lanatina.XP_013392775.1_longchainfattyacidCoA_liga	25.117	641	420	18	3.11e-41	163	Lanatina.XP_013392775.1_longchainfattyacidCoA_liga
Avaga.UJR32742.1_hypothetical_protein_I4U23_020201	26.396	591	373	17	4.24e-40	159	Avaga.UJR32742.1_hypothetical_protein_I4U23_020201
Egranulosus.XP_024352788.1_LongchainfattyacidCoA_l	25.000	648	395	26	1.47e-39	158	Egranulosus.XP_024352788.1_LongchainfattyacidCoA_l
Avaga.UJR15662.1_hypothetical_protein_I4U23_002597	26.325	604	390	23	2.94e-39	156	Avaga.UJR15662.1_hypothetical_protein_I4U23_002597
Avaga.UJR32409.1_hypothetical_protein_I4U23_019871	26.667	615	365	26	8.41e-39	155	Avaga.UJR32409.1_hypothetical_protein_I4U23_019871
Avaga.UJR25501.1_hypothetical_protein_I4U23_006847	25.710	599	361	21	8.00e-38	152	Avaga.UJR25501.1_hypothetical_protein_I4U23_006847
Lanatina.XP_013383556.1_longchainfattyacidCoA_liga	24.961	641	421	18	9.21e-38	152	Lanatina.XP_013383556.1_longchainfattyacidCoA_liga
Avaga.UJR18225.1_hypothetical_protein_I4U23_005124	25.957	601	367	25	1.39e-37	150	Avaga.UJR18225.1_hypothetical_protein_I4U23_005124
Avaga.UJR34834.1_hypothetical_protein_I4U23_027615	27.991	443	272	15	2.33e-37	153	Avaga.UJR34834.1_hypothetical_protein_I4U23_027615
Avaga.UJR15664.1_hypothetical_protein_I4U23_002598	25.719	626	381	25	8.03e-37	149	Avaga.UJR15664.1_hypothetical_protein_I4U23_002598
Bbelcheri.LOC109466554_longchainfattyacidCoA_ligas	25.682	623	391	26	8.04e-37	150	Bbelcheri.LOC109466554_longchainfattyacidCoA_ligas
Avaga.UJR31657.1_hypothetical_protein_I4U23_019138	23.455	631	410	19	1.19e-36	149	Avaga.UJR31657.1_hypothetical_protein_I4U23_019138
Hsapiens.NP_001305439.1_long-chain-fatty-acid--CoA	24.923	650	419	18	3.38e-36	147	Hsapiens.NP_001305439.1_long-chain-fatty-acid--CoA
Avaga.UJR17526.1_hypothetical_protein_I4U23_004421	28.509	456	285	15	1.77e-34	142	Avaga.UJR17526.1_hypothetical_protein_I4U23_004421
Avaga.UJR30975.1_hypothetical_protein_I4U23_018487	23.549	603	413	18	3.47e-34	141	Avaga.UJR30975.1_hypothetical_protein_I4U23_018487
Egranulosus.XP_024353838.1_LongchainfattyacidCoA_l	25.314	636	390	28	9.65e-34	140	Egranulosus.XP_024353838.1_LongchainfattyacidCoA_l
Myessoensis.XP_021365701.1_longchainfattyacidCoA_l	25.769	520	347	13	9.52e-33	137	Myessoensis.XP_021365701.1_longchainfattyacidCoA_l
Hsapiens.NP_004448.2_long-chain-fatty-acid--CoA_li	26.884	491	305	14	1.42e-32	137	Hsapiens.NP_004448.2_long-chain-fatty-acid--CoA_li
Avaga.UJR20378.1_hypothetical_protein_I4U23_023510	21.920	625	425	15	1.83e-32	136	Avaga.UJR20378.1_hypothetical_protein_I4U23_023510
Aplanci.LOC110977855_LOW_QUALITY_PROTEIN_longchain	22.393	652	425	19	8.30e-31	131	Aplanci.LOC110977855_LOW_QUALITY_PROTEIN_longchain
Bbelcheri.LOC109464455_longchainfattyacidCoA_ligas	25.604	621	392	22	1.91e-29	127	Bbelcheri.LOC109464455_longchainfattyacidCoA_ligas
Bbelcheri.LOC109470465_4coumarateCoA_ligase_1like	24.895	474	289	13	1.75e-28	123	Bbelcheri.LOC109470465_4coumarateCoA_ligase_1like
Avaga.UJR19612.1_hypothetical_protein_I4U23_022746	30.000	310	179	11	1.10e-26	114	Avaga.UJR19612.1_hypothetical_protein_I4U23_022746
Myessoensis.XP_021349323.1_acylCoA_synthetase_fami	24.627	536	307	17	5.56e-25	112	Myessoensis.XP_021349323.1_acylCoA_synthetase_fami
Lanatina.XP_023933630.1_4coumarateCoA_ligase_1like	26.822	343	183	8	7.19e-25	110	Lanatina.XP_023933630.1_4coumarateCoA_ligase_1like
Avaga.UJR13009.1_hypothetical_protein_I4U23_000035	26.935	323	211	9	2.34e-24	108	Avaga.UJR13009.1_hypothetical_protein_I4U23_000035
Avaga.UJR29514.1_hypothetical_protein_I4U23_010731	21.909	639	431	21	2.44e-24	111	Avaga.UJR29514.1_hypothetical_protein_I4U23_010731
Avaga.UJR35367.1_hypothetical_protein_I4U23_028124	24.806	516	276	22	3.01e-24	110	Avaga.UJR35367.1_hypothetical_protein_I4U23_028124
Dmelanogaster.Acsl_AcylCoA_synthetase_longchain_is	23.519	557	373	18	3.58e-24	110	Dmelanogaster.Acsl_AcylCoA_synthetase_longchain_is
Avaga.UJR19032.1_hypothetical_protein_I4U23_022162	24.414	512	297	18	4.19e-24	109	Avaga.UJR19032.1_hypothetical_protein_I4U23_022162
Avaga.UJR10169.1_hypothetical_protein_I4U23_014385	23.077	546	329	21	8.00e-24	108	Avaga.UJR10169.1_hypothetical_protein_I4U23_014385
Egranulosus.XP_024349549.1_LongchainfattyacidCoA_l	27.568	370	218	12	8.19e-24	109	Egranulosus.XP_024349549.1_LongchainfattyacidCoA_l
Avaga.UJR10520.1_hypothetical_protein_I4U23_014723	25.099	506	276	18	6.89e-23	106	Avaga.UJR10520.1_hypothetical_protein_I4U23_014723
Lanatina.XP_013413812.1_acylCoA_synthetase_family_	21.416	551	360	15	1.17e-22	105	Lanatina.XP_013413812.1_acylCoA_synthetase_family_
Lanatina.XP_013419160.1_4coumarateCoA_ligase_1like	23.303	545	344	15	2.58e-22	104	Lanatina.XP_013419160.1_4coumarateCoA_ligase_1like
Aplanci.LOC110989798_acylCoA_synthetase_family_mem	25.538	372	203	11	6.51e-22	103	Aplanci.LOC110989798_acylCoA_synthetase_family_mem
Lanatina.XP_013397407.1_4coumarateCoA_ligase_1	27.010	485	267	24	6.78e-22	102	Lanatina.XP_013397407.1_4coumarateCoA_ligase_1
Lanatina.XP_013419978.1_4coumarateCoA_ligase_1	23.977	513	316	15	7.32e-22	102	Lanatina.XP_013419978.1_4coumarateCoA_ligase_1
Avaga.UJR12979.1_hypothetical_protein_I4U23_000005	25.622	402	243	11	1.52e-21	102	Avaga.UJR12979.1_hypothetical_protein_I4U23_000005
Avaga.UJR20556.1_hypothetical_protein_I4U23_023683	23.220	590	370	22	2.64e-21	102	Avaga.UJR20556.1_hypothetical_protein_I4U23_023683
Myessoensis.XP_021354657.1_probable_4coumarateCoA_	25.054	459	258	17	2.77e-21	100	Myessoensis.XP_021354657.1_probable_4coumarateCoA_
Myessoensis.XP_021353674.1_probable_4coumarateCoA_	23.017	517	311	16	5.30e-21	100	Myessoensis.XP_021353674.1_probable_4coumarateCoA_
Myessoensis.XP_021353673.1_probable_4coumarateCoA_	25.189	528	315	16	1.63e-20	98.6	Myessoensis.XP_021353673.1_probable_4coumarateCoA_
Myessoensis.XP_021353731.1_4coumarateCoA_ligase_1l	24.153	472	269	13	2.51e-20	97.4	Myessoensis.XP_021353731.1_4coumarateCoA_ligase_1l
Lanatina.XP_013390242.1_probable_4coumarateCoA_lig	24.096	498	297	15	2.90e-20	97.8	Lanatina.XP_013390242.1_probable_4coumarateCoA_lig
Lanatina.XP_013404245.2_4coumarateCoA_ligase_1_iso	26.694	487	269	19	6.45e-20	96.7	Lanatina.XP_013404245.2_4coumarateCoA_ligase_1_iso
Bbelcheri.LOC109467980_acylCoA_synthetase_family_m	23.819	529	308	22	1.10e-19	96.3	Bbelcheri.LOC109467980_acylCoA_synthetase_family_m
Dmelanogaster.CG12512_uncharacterized_protein_Dmel	21.092	531	326	13	1.31e-19	95.9	Dmelanogaster.CG12512_uncharacterized_protein_Dmel
Bbelcheri.LOC109471070_4coumarateCoA_ligase_1like_	23.237	482	284	14	1.83e-19	95.1	Bbelcheri.LOC109471070_4coumarateCoA_ligase_1like_
Cintestinalis.LOC100175931_4coumarateCoA_ligase_1l	30.183	328	165	12	2.10e-19	94.7	Cintestinalis.LOC100175931_4coumarateCoA_ligase_1l
Lanatina.XP_013393793.1_acylCoA_synthetase_family_	23.699	346	198	11	3.22e-19	93.6	Lanatina.XP_013393793.1_acylCoA_synthetase_family_
Egranulosus.XP_024355359.1_LongchainfattyacidCoA_l	27.059	340	204	14	7.78e-19	91.7	Egranulosus.XP_024355359.1_LongchainfattyacidCoA_l
Dmelanogaster.CG6178_uncharacterized_protein_Dmel_	27.350	468	254	18	1.07e-18	92.8	Dmelanogaster.CG6178_uncharacterized_protein_Dmel_
Avaga.UJR35855.1_hypothetical_protein_I4U23_028599	25.323	387	205	15	1.27e-18	92.0	Avaga.UJR35855.1_hypothetical_protein_I4U23_028599
Avaga.UJR08757.1_hypothetical_protein_I4U23_013014	21.350	637	438	18	1.39e-18	93.2	Avaga.UJR08757.1_hypothetical_protein_I4U23_013014
Cintestinalis.LOC100181179_acylCoA_synthetase_fami	26.301	346	198	9	1.88e-18	92.4	Cintestinalis.LOC100181179_acylCoA_synthetase_fami
Avaga.UJR10170.1_hypothetical_protein_I4U23_014386	34.595	185	101	7	2.13e-18	88.2	Avaga.UJR10170.1_hypothetical_protein_I4U23_014386
Bbelcheri.LOC109480632_acylCoA_synthetase_family_m	21.375	538	318	17	2.25e-18	92.0	Bbelcheri.LOC109480632_acylCoA_synthetase_family_m
Avaga.UJR17068.1_hypothetical_protein_I4U23_003965	19.583	623	402	23	8.04e-18	90.9	Avaga.UJR17068.1_hypothetical_protein_I4U23_003965
Lanatina.XP_013386686.1_probable_4coumarateCoA_lig	36.250	160	91	5	8.23e-18	85.9	Lanatina.XP_013386686.1_probable_4coumarateCoA_lig
Lanatina.XP_013386933.1_4coumarateCoA_ligaselike	37.241	145	80	4	1.73e-17	85.1	Lanatina.XP_013386933.1_4coumarateCoA_ligaselike
Lanatina.XP_013395331.2_luciferin_4monooxygenaseli	45.631	103	49	2	2.11e-17	84.3	Lanatina.XP_013395331.2_luciferin_4monooxygenaseli
Avaga.UJR29135.1_hypothetical_protein_I4U23_010349	22.222	477	316	16	2.16e-17	89.4	Avaga.UJR29135.1_hypothetical_protein_I4U23_010349
Myessoensis.XP_021353732.1_probable_4coumarateCoA_	36.029	136	77	4	2.27e-17	82.4	Myessoensis.XP_021353732.1_probable_4coumarateCoA_
Lanatina.XP_013395353.1_4coumarateCoA_ligase_1like	37.931	145	79	4	2.34e-17	84.7	Lanatina.XP_013395353.1_4coumarateCoA_ligase_1like
Hsapiens.NP_079425.3_medium-chain_acyl-CoA_ligase_	21.714	525	326	14	3.09e-17	88.6	Hsapiens.NP_079425.3_medium-chain_acyl-CoA_ligase_
Hsapiens.NP_001230208.1_malonate--CoA_ligase_ACSF3	23.840	474	261	18	4.26e-17	87.8	Hsapiens.NP_001230208.1_malonate--CoA_ligase_ACSF3
Avaga.UJR20192.1_hypothetical_protein_I4U23_023324	23.326	463	292	18	4.47e-17	88.6	Avaga.UJR20192.1_hypothetical_protein_I4U23_023324
Avaga.UJR18230.1_hypothetical_protein_I4U23_005129	40.476	126	64	3	4.56e-17	85.1	Avaga.UJR18230.1_hypothetical_protein_I4U23_005129
Aplanci.LOC110978158_LOW_QUALITY_PROTEIN_4coumarat	25.731	342	179	13	5.54e-17	87.4	Aplanci.LOC110978158_LOW_QUALITY_PROTEIN_4coumarat
Lanatina.XP_013386932.1_4coumarateCoA_ligaselike_7	35.802	162	92	5	6.24e-17	87.4	Lanatina.XP_013386932.1_4coumarateCoA_ligaselike_7
Bbelcheri.LOC109488242_4coumarateCoA_ligase_1like	23.146	445	270	12	9.59e-17	86.7	Bbelcheri.LOC109488242_4coumarateCoA_ligase_1like
Myessoensis.XP_021377389.1_probable_4coumarateCoA_	26.141	482	257	20	1.06e-16	86.7	Myessoensis.XP_021377389.1_probable_4coumarateCoA_
Avaga.UJR20553.1_hypothetical_protein_I4U23_023680	21.695	590	381	20	2.20e-16	86.3	Avaga.UJR20553.1_hypothetical_protein_I4U23_023680
Bbelcheri.LOC109483777_probable_4coumarateCoA_liga	25.255	491	266	18	2.74e-16	85.5	Bbelcheri.LOC109483777_probable_4coumarateCoA_liga
Aplanci.LOC110978167_luciferin_4monooxygenaselike	34.524	168	100	6	5.79e-16	80.5	Aplanci.LOC110978167_luciferin_4monooxygenaselike
Lanatina.XP_013402190.1_4coumarateCoA_ligase_1like	34.783	161	94	5	5.97e-16	80.5	Lanatina.XP_013402190.1_4coumarateCoA_ligase_1like
Bbelcheri.LOC109480597_acylCoA_synthetase_family_m	22.736	497	283	16	1.00e-15	83.6	Bbelcheri.LOC109480597_acylCoA_synthetase_family_m
Lanatina.XP_023930202.1_uncharacterized_protein_LO	36.250	160	91	5	1.09e-15	84.0	Lanatina.XP_023930202.1_uncharacterized_protein_LO
Cintestinalis.LOC113473993_4coumarateCoA_ligase_1l	25.135	370	199	15	2.40e-15	82.0	Cintestinalis.LOC113473993_4coumarateCoA_ligase_1l
Avaga.UJR16438.1_hypothetical_protein_I4U23_003340	22.222	585	363	21	3.22e-15	82.4	Avaga.UJR16438.1_hypothetical_protein_I4U23_003340
Avaga.UJR35522.1_hypothetical_protein_I4U23_028276	22.766	470	277	16	4.47e-15	82.0	Avaga.UJR35522.1_hypothetical_protein_I4U23_028276
Lanatina.XP_013395949.1_4coumarateCoA_ligase_1like	33.129	163	95	7	2.86e-14	76.6	Lanatina.XP_013395949.1_4coumarateCoA_ligase_1like
Lanatina.XP_013395851.1_4coumarateCoA_ligase_2_iso	31.481	162	99	5	3.29e-14	76.3	Lanatina.XP_013395851.1_4coumarateCoA_ligase_2_iso
Lanatina.XP_013397411.1_4coumarateCoA_ligase_1like	32.099	162	98	5	3.42e-14	77.8	Lanatina.XP_013397411.1_4coumarateCoA_ligase_1like
Lanatina.XP_013380980.1_uncharacterized_protein_LO	23.393	389	222	13	4.09e-14	77.8	Lanatina.XP_013380980.1_uncharacterized_protein_LO
Egranulosus.XP_024355360.1_LongchainfattyacidCoA_l	26.000	300	175	9	5.93e-14	77.0	Egranulosus.XP_024355360.1_LongchainfattyacidCoA_l
Lanatina.XP_013404927.1_uncharacterized_protein_LO	23.393	389	222	13	6.54e-14	77.8	Lanatina.XP_013404927.1_uncharacterized_protein_LO
Lanatina.XP_013404923.1_uncharacterized_protein_LO	26.330	376	215	12	8.10e-14	76.3	Lanatina.XP_013404923.1_uncharacterized_protein_LO
Cintestinalis.LOC100187395_4coumarateCoA_ligase_1l	35.404	161	91	6	9.46e-14	77.0	Cintestinalis.LOC100187395_4coumarateCoA_ligase_1l
Lanatina.XP_013417930.1_4coumarateCoA_ligase_1	43.434	99	49	2	1.24e-13	76.6	Lanatina.XP_013417930.1_4coumarateCoA_ligase_1
Cintestinalis.LOC100178942_4coumarateCoA_ligase_1l	38.519	135	74	4	1.27e-13	76.3	Cintestinalis.LOC100178942_4coumarateCoA_ligase_1l
Myessoensis.XP_021353670.1_probable_4coumarateCoA_	23.946	522	300	20	1.84e-13	76.3	Myessoensis.XP_021353670.1_probable_4coumarateCoA_
Dmelanogaster.CG6300_uncharacterized_protein_Dmel_	31.818	154	84	5	2.44e-13	75.9	Dmelanogaster.CG6300_uncharacterized_protein_Dmel_
Myessoensis.XP_021352721.1_acylCoA_synthetase_fami	24.434	442	300	17	2.96e-13	75.9	Myessoensis.XP_021352721.1_acylCoA_synthetase_fami
Bbelcheri.LOC109469693_acylCoA_synthetase_family_m	22.449	539	321	16	3.08e-13	75.5	Bbelcheri.LOC109469693_acylCoA_synthetase_family_m
Dmelanogaster.CG11659_uncharacterized_protein_Dmel	34.532	139	80	4	3.26e-13	75.5	Dmelanogaster.CG11659_uncharacterized_protein_Dmel
Lanatina.XP_013418047.1_4coumarateCoA_ligase_1	32.911	158	97	4	5.44e-13	74.7	Lanatina.XP_013418047.1_4coumarateCoA_ligase_1
Bbelcheri.LOC109471068_4coumarateCoA_ligase_1like_	34.161	161	95	6	7.85e-13	74.3	Bbelcheri.LOC109471068_4coumarateCoA_ligase_1like_
Myessoensis.XP_021338930.1_probable_4coumarateCoA_	25.146	342	192	13	8.13e-13	74.3	Myessoensis.XP_021338930.1_probable_4coumarateCoA_
Bbelcheri.LOC109469350_acylCoA_synthetase_family_m	35.417	144	80	5	1.35e-12	73.6	Bbelcheri.LOC109469350_acylCoA_synthetase_family_m
Lanatina.XP_013404926.1_uncharacterized_protein_LO	22.938	388	225	13	1.60e-12	73.2	Lanatina.XP_013404926.1_uncharacterized_protein_LO
Avaga.UJR20181.1_hypothetical_protein_I4U23_023313	22.148	447	289	15	2.10e-12	73.6	Avaga.UJR20181.1_hypothetical_protein_I4U23_023313
Aplanci.LOC110973722_acylCoA_synthetase_family_mem	24.148	352	193	13	2.39e-12	72.8	Aplanci.LOC110973722_acylCoA_synthetase_family_mem
Lanatina.XP_013380966.1_uncharacterized_protein_LO	22.938	388	225	13	2.47e-12	72.8	Lanatina.XP_013380966.1_uncharacterized_protein_LO
Myessoensis.XP_021366388.1_uncharacterized_protein	28.916	166	108	4	3.12e-12	72.8	Myessoensis.XP_021366388.1_uncharacterized_protein
Dmelanogaster.pdgy_pudgy_isoform_A	30.952	168	102	6	3.99e-12	72.0	Dmelanogaster.pdgy_pudgy_isoform_A
Lanatina.XP_013404922.1_uncharacterized_protein_LO	25.745	369	215	11	4.28e-12	72.0	Lanatina.XP_013404922.1_uncharacterized_protein_LO
Aplanci.LOC110979784_LOW_QUALITY_PROTEIN_acylCoA_s	34.959	123	74	3	6.38e-12	71.2	Aplanci.LOC110979784_LOW_QUALITY_PROTEIN_acylCoA_s
Cintestinalis.LOC100179929_4coumarateCoA_ligase_1l	25.532	517	276	23	6.58e-12	71.2	Cintestinalis.LOC100179929_4coumarateCoA_ligase_1l
Lanatina.XP_023933570.1_acylCoA_synthetase_family_	22.804	535	332	22	7.26e-12	71.2	Lanatina.XP_023933570.1_acylCoA_synthetase_family_
Cintestinalis.LOC100175199_acylCoA_synthetase_fami	25.240	313	200	12	9.47e-12	70.9	Cintestinalis.LOC100175199_acylCoA_synthetase_fami
Lanatina.XP_023930681.1_acylCoA_synthetase_family_	22.533	537	331	22	9.93e-12	70.9	Lanatina.XP_023930681.1_acylCoA_synthetase_family_
Bbelcheri.LOC109474774_LOW_QUALITY_PROTEIN_reducin	21.946	483	310	15	1.29e-11	71.2	Bbelcheri.LOC109474774_LOW_QUALITY_PROTEIN_reducin
Lanatina.XP_013391620.1_uncharacterized_protein_LO	32.374	139	81	6	1.34e-11	70.5	Lanatina.XP_013391620.1_uncharacterized_protein_LO
Lanatina.XP_013403734.1_acylCoA_synthetase_family_	32.061	131	82	3	1.45e-11	70.1	Lanatina.XP_013403734.1_acylCoA_synthetase_family_
Lanatina.XP_013378794.1_acylCoA_synthetase_family_	22.349	613	358	24	1.79e-11	70.1	Lanatina.XP_013378794.1_acylCoA_synthetase_family_
Lanatina.XP_013391617.1_oxalateCoA_ligaselike	32.374	139	81	6	2.05e-11	69.7	Lanatina.XP_013391617.1_oxalateCoA_ligaselike
Lanatina.XP_013412834.1_oxalateCoA_ligaselike	32.374	139	81	6	4.82e-11	68.6	Lanatina.XP_013412834.1_oxalateCoA_ligaselike
Dmelanogaster.CG18586_uncharacterized_protein_Dmel	28.758	153	90	4	1.02e-10	67.4	Dmelanogaster.CG18586_uncharacterized_protein_Dmel
Cintestinalis.LOC100178317_4coumarateCoA_ligase_1l	29.185	233	142	10	1.28e-10	67.0	Cintestinalis.LOC100178317_4coumarateCoA_ligase_1l
Lanatina.XP_013412854.1_uncharacterized_protein_LO	31.884	138	81	6	1.32e-10	67.0	Lanatina.XP_013412854.1_uncharacterized_protein_LO
Cintestinalis.LOC101242537_4coumarateCoA_ligase_1l	37.391	115	63	4	3.73e-10	64.7	Cintestinalis.LOC101242537_4coumarateCoA_ligase_1l
Lanatina.XP_013416214.1_acylCoA_synthetase_family_	32.031	128	80	3	4.88e-10	65.5	Lanatina.XP_013416214.1_acylCoA_synthetase_family_
Myessoensis.XP_021351869.1_uncharacterized_protein	23.892	519	317	19	5.08e-10	65.1	Myessoensis.XP_021351869.1_uncharacterized_protein
Cintestinalis.LOC100181730_4coumarateCoA_ligase_1l	34.454	119	74	4	5.31e-10	65.1	Cintestinalis.LOC100181730_4coumarateCoA_ligase_1l
Lanatina.XP_013404138.1_uncharacterized_protein_LO	32.278	158	90	6	5.95e-10	62.8	Lanatina.XP_013404138.1_uncharacterized_protein_LO
Lanatina.XP_013380297.1_acylCoA_synthetase_family_	23.596	356	228	16	6.71e-10	65.1	Lanatina.XP_013380297.1_acylCoA_synthetase_family_
Myessoensis.XP_021340341.1_acylcoenzyme_A_syntheta	27.317	205	128	8	1.02e-09	64.3	Myessoensis.XP_021340341.1_acylcoenzyme_A_syntheta
Dmelanogaster.CG4830_uncharacterized_protein_Dmel_	31.875	160	94	6	1.03e-09	64.3	Dmelanogaster.CG4830_uncharacterized_protein_Dmel_
Myessoensis.XP_021351260.1_acylCoA_synthetase_fami	28.000	175	106	7	1.06e-09	64.3	Myessoensis.XP_021351260.1_acylCoA_synthetase_fami
Lanatina.XP_013403755.1_acylCoA_synthetase_family_	31.250	128	81	3	1.31e-09	63.9	Lanatina.XP_013403755.1_acylCoA_synthetase_family_
Lanatina.XP_013404149.1_uncharacterized_protein_LO	30.978	184	109	7	1.90e-09	63.5	Lanatina.XP_013404149.1_uncharacterized_protein_LO
Lanatina.XP_013398299.1_acylCoA_synthetase_family_	32.278	158	90	6	3.31e-09	62.8	Lanatina.XP_013398299.1_acylCoA_synthetase_family_
Bbelcheri.LOC109482985_acylCoA_synthetase_family_m	36.842	114	63	4	4.32e-09	62.4	Bbelcheri.LOC109482985_acylCoA_synthetase_family_m
Dmelanogaster.CG11407_uncharacterized_protein_Dmel	30.882	136	81	4	5.09e-09	62.0	Dmelanogaster.CG11407_uncharacterized_protein_Dmel
Lanatina.XP_013398300.1_uncharacterized_protein_LO	32.278	158	95	5	8.49e-09	61.2	Lanatina.XP_013398300.1_uncharacterized_protein_LO
Cintestinalis.LOC100180897_4coumarateCoA_ligase_1l	33.333	99	59	3	2.37e-08	59.7	Cintestinalis.LOC100180897_4coumarateCoA_ligase_1l
Dmelanogaster.CG5568_uncharacterized_protein_Dmel_	27.273	121	73	2	3.46e-08	59.3	Dmelanogaster.CG5568_uncharacterized_protein_Dmel_
Lanatina.XP_013391619.1_uncharacterized_protein_LO	23.837	344	192	15	3.53e-08	59.3	Lanatina.XP_013391619.1_uncharacterized_protein_LO
Dmelanogaster.CG8834_uncharacterized_protein_Dmel_	34.483	116	65	4	7.17e-08	58.2	Dmelanogaster.CG8834_uncharacterized_protein_Dmel_
Lanatina.XP_013404142.1_acylCoA_synthetase_family_	29.032	155	93	6	7.34e-08	58.2	Lanatina.XP_013404142.1_acylCoA_synthetase_family_
Myessoensis.XP_021349700.1_uncharacterized_protein	23.355	471	276	17	9.75e-08	57.8	Myessoensis.XP_021349700.1_uncharacterized_protein
Lanatina.XP_013378792.1_acylCoA_synthetase_family_	26.638	229	140	9	1.71e-07	57.0	Lanatina.XP_013378792.1_acylCoA_synthetase_family_
Myessoensis.XP_021351918.1_oxalateCoA_ligaselike	29.545	132	86	3	1.76e-07	57.0	Myessoensis.XP_021351918.1_oxalateCoA_ligaselike
Avaga.UJR19403.1_hypothetical_protein_I4U23_022533	32.520	123	70	6	1.93e-07	57.4	Avaga.UJR19403.1_hypothetical_protein_I4U23_022533
Cintestinalis.LOC100175890_4coumarateCoA_ligase_1l	32.075	159	96	6	2.21e-07	56.6	Cintestinalis.LOC100175890_4coumarateCoA_ligase_1l
Lanatina.XP_013407413.1_acylCoA_synthetase_family_	29.114	158	98	5	2.64e-07	56.6	Lanatina.XP_013407413.1_acylCoA_synthetase_family_
Myessoensis.XP_021344915.1_4coumarateCoA_ligase_1l	33.600	125	73	5	2.77e-07	53.5	Myessoensis.XP_021344915.1_4coumarateCoA_ligase_1l
Lanatina.XP_013404141.1_acylCoA_synthetase_family_	29.677	155	92	6	4.24e-07	55.8	Lanatina.XP_013404141.1_acylCoA_synthetase_family_
Bbelcheri.LOC109462768_acylcoenzyme_A_synthetase_A	22.927	205	143	7	5.48e-07	55.5	Bbelcheri.LOC109462768_acylcoenzyme_A_synthetase_A
Myessoensis.XP_021356012.1_uncharacterized_protein	30.357	112	71	3	6.00e-07	55.5	Myessoensis.XP_021356012.1_uncharacterized_protein
Avaga.UJR17611.1_hypothetical_protein_I4U23_004507	26.816	179	106	8	9.02e-07	55.5	Avaga.UJR17611.1_hypothetical_protein_I4U23_004507
Hsapiens.NP_001305819.1_acyl-coenzyme_A_synthetase	28.662	157	98	6	1.07e-06	54.7	Hsapiens.NP_001305819.1_acyl-coenzyme_A_synthetase
Hsapiens.NP_060358.2_acyl-coenzyme_A_synthetase_AC	25.789	190	127	6	1.13e-06	54.7	Hsapiens.NP_060358.2_acyl-coenzyme_A_synthetase_AC
Lanatina.XP_013411960.1_acylCoA_synthetase_family_	28.378	148	90	7	1.14e-06	54.3	Lanatina.XP_013411960.1_acylCoA_synthetase_family_
Dmelanogaster.CG11391_uncharacterized_protein_Dmel	30.909	110	71	1	1.37e-06	54.3	Dmelanogaster.CG11391_uncharacterized_protein_Dmel
Lanatina.XP_013407481.1_acylCoA_synthetase_family_	28.481	158	99	5	1.57e-06	53.9	Lanatina.XP_013407481.1_acylCoA_synthetase_family_
Lanatina.XP_013404140.1_uncharacterized_protein_LO	29.032	155	93	7	2.16e-06	51.6	Lanatina.XP_013404140.1_uncharacterized_protein_LO
Hsapiens.NP_005613.2_acyl-coenzyme_A_synthetase_AC	27.007	137	87	5	2.75e-06	53.1	Hsapiens.NP_005613.2_acyl-coenzyme_A_synthetase_AC
Lanatina.XP_013388028.1_acylCoA_synthetase_family_	28.767	146	85	7	3.10e-06	52.4	Lanatina.XP_013388028.1_acylCoA_synthetase_family_
Lanatina.XP_023931813.1_acylcoenzyme_A_synthetase_	30.172	116	69	4	3.15e-06	53.1	Lanatina.XP_023931813.1_acylcoenzyme_A_synthetase_
Myessoensis.XP_021350356.1_4coumarateCoA_ligaselik	31.690	142	82	6	3.21e-06	53.1	Myessoensis.XP_021350356.1_4coumarateCoA_ligaselik
Lanatina.XP_013412833.1_longchainfattyacidCoA_liga	22.630	327	187	11	4.10e-06	52.8	Lanatina.XP_013412833.1_longchainfattyacidCoA_liga
Lanatina.XP_013404143.1_acylCoA_synthetase_family_	29.032	155	93	6	4.87e-06	52.4	Lanatina.XP_013404143.1_acylCoA_synthetase_family_
Lanatina.XP_013411367.1_acylCoA_synthetase_family_	20.250	400	220	15	5.20e-06	52.4	Lanatina.XP_013411367.1_acylCoA_synthetase_family_
Myessoensis.XP_021351865.1_uncharacterized_protein	28.571	140	91	4	5.24e-06	52.4	Myessoensis.XP_021351865.1_uncharacterized_protein
Lanatina.XP_013378791.1_acylCoA_synthetase_family_	26.238	202	126	8	6.08e-06	52.4	Lanatina.XP_013378791.1_acylCoA_synthetase_family_
Dmelanogaster.CG11453_uncharacterized_protein_Dmel	32.456	114	66	4	6.16e-06	52.0	Dmelanogaster.CG11453_uncharacterized_protein_Dmel
Lanatina.XP_013382911.1_acylCoA_synthetase_family_	32.609	92	54	2	6.57e-06	50.1	Lanatina.XP_013382911.1_acylCoA_synthetase_family_
Myessoensis.XP_021374034.1_acylCoA_synthetase_fami	31.081	148	86	5	1.08e-05	51.6	Myessoensis.XP_021374034.1_acylCoA_synthetase_fami
Lanatina.XP_013421702.1_acylCoA_synthetase_family_	32.258	155	88	7	1.36e-05	51.2	Lanatina.XP_013421702.1_acylCoA_synthetase_family_
Lanatina.XP_013386934.1_4coumarateCoA_ligase_1like	27.528	178	97	7	1.66e-05	48.9	Lanatina.XP_013386934.1_4coumarateCoA_ligase_1like
Lanatina.XP_013419768.1_acylCoA_synthetase_family_	30.508	177	104	8	1.68e-05	50.8	Lanatina.XP_013419768.1_acylCoA_synthetase_family_
Myessoensis.XP_021351211.1_uncharacterized_protein	28.025	157	106	4	1.72e-05	50.8	Myessoensis.XP_021351211.1_uncharacterized_protein
Lanatina.XP_013416216.1_acylCoA_synthetase_family_	34.615	78	49	2	1.74e-05	48.1	Lanatina.XP_013416216.1_acylCoA_synthetase_family_
Avaga.UJR29759.1_hypothetical_protein_I4U23_017307	21.315	441	263	16	2.76e-05	50.4	Avaga.UJR29759.1_hypothetical_protein_I4U23_017307
Myessoensis.XP_021351686.1_uncharacterized_protein	30.282	142	87	6	2.98e-05	50.1	Myessoensis.XP_021351686.1_uncharacterized_protein
Avaga.UJR34790.1_hypothetical_protein_I4U23_027571	26.950	141	87	4	3.10e-05	50.1	Avaga.UJR34790.1_hypothetical_protein_I4U23_027571
Hsapiens.NP_001098539.1_acyl-coenzyme_A_synthetase	21.429	504	315	19	3.52e-05	49.7	Hsapiens.NP_001098539.1_acyl-coenzyme_A_synthetase
Lanatina.XP_013411372.1_uncharacterized_protein_LO	20.250	400	220	15	5.91e-05	48.9	Lanatina.XP_013411372.1_uncharacterized_protein_LO
Lanatina.XP_013386678.1_4coumarateCoA_ligase_1like	26.316	171	106	4	6.16e-05	47.4	Lanatina.XP_013386678.1_4coumarateCoA_ligase_1like
Aplanci.LOC110980284_acylcoenzyme_A_synthetase_ACS	30.579	121	67	6	6.57e-05	48.9	Aplanci.LOC110980284_acylcoenzyme_A_synthetase_ACS
Dmelanogaster.CG4563_uncharacterized_protein_Dmel_	34.211	114	63	5	6.70e-05	48.9	Dmelanogaster.CG4563_uncharacterized_protein_Dmel_
Lanatina.XP_013395364.1_4coumarateCoA_ligaselike	27.604	192	101	8	7.34e-05	47.0	Lanatina.XP_013395364.1_4coumarateCoA_ligaselike
Hsapiens.NP_001073923.1_acyl-coenzyme_A_synthetase	26.994	163	102	6	8.05e-05	48.5	Hsapiens.NP_001073923.1_acyl-coenzyme_A_synthetase
Myessoensis.XP_021370059.1_uncharacterized_protein	28.030	132	88	3	1.64e-04	47.8	Myessoensis.XP_021370059.1_uncharacterized_protein
Aplanci.LOC110990218_very_longchain_acylCoA_synthe	23.650	389	208	20	2.06e-04	47.4	Aplanci.LOC110990218_very_longchain_acylCoA_synthe
Avaga.UJR28961.1_hypothetical_protein_I4U23_010178	22.776	281	180	11	2.56e-04	46.6	Avaga.UJR28961.1_hypothetical_protein_I4U23_010178
Lanatina.XP_013421701.1_acylCoA_synthetase_family_	31.915	94	57	3	2.59e-04	47.0	Lanatina.XP_013421701.1_acylCoA_synthetase_family_
Myessoensis.XP_021365396.1_acylCoA_synthetase_fami	26.087	138	92	4	2.75e-04	47.0	Myessoensis.XP_021365396.1_acylCoA_synthetase_fami
Lanatina.XP_013419775.1_acylCoA_synthetase_family_	31.915	94	57	3	3.52e-04	46.6	Lanatina.XP_013419775.1_acylCoA_synthetase_family_
Dmelanogaster.Fatp2_fatty_acid_transport_protein_2	20.552	326	207	13	4.16e-04	46.6	Dmelanogaster.Fatp2_fatty_acid_transport_protein_2
Myessoensis.XP_021351676.1_acylCoA_synthetase_fami	30.282	142	87	7	4.42e-04	46.2	Myessoensis.XP_021351676.1_acylCoA_synthetase_fami
Myessoensis.XP_021352343.1_acylCoA_synthetase_fami	30.841	107	62	4	5.64e-04	45.8	Myessoensis.XP_021352343.1_acylCoA_synthetase_fami
Avaga.UJR08597.1_hypothetical_protein_I4U23_012856	22.523	444	257	18	6.01e-04	46.2	Avaga.UJR08597.1_hypothetical_protein_I4U23_012856
Avaga.UJR09844.1_hypothetical_protein_I4U23_014069	21.676	346	190	13	6.32e-04	45.8	Avaga.UJR09844.1_hypothetical_protein_I4U23_014069
Lanatina.XP_013395801.1_probable_4coumarateCoA_lig	25.701	214	132	9	6.94e-04	44.3	Lanatina.XP_013395801.1_probable_4coumarateCoA_lig
Hsapiens.NP_940982.1_long-chain_fatty_acid_transpo	22.407	241	162	10	7.38e-04	45.4	Hsapiens.NP_940982.1_long-chain_fatty_acid_transpo
Myessoensis.XP_021351249.1_oxalateCoA_ligaselike	28.889	135	85	6	7.51e-04	45.4	Myessoensis.XP_021351249.1_oxalateCoA_ligaselike
Avaga.UJR06581.1_hypothetical_protein_I4U23_010865	22.384	344	196	12	0.001	45.4	Avaga.UJR06581.1_hypothetical_protein_I4U23_010865
Myessoensis.XP_021351674.1_uncharacterized_protein	32.039	103	62	4	0.001	45.1	Myessoensis.XP_021351674.1_uncharacterized_protein
Bbelcheri.LOC109482563_longchain_fatty_acid_transp	22.868	258	163	9	0.001	44.7	Bbelcheri.LOC109482563_longchain_fatty_acid_transp
Dmelanogaster.CG17999_uncharacterized_protein_Dmel	28.507	221	125	9	0.002	44.3	Dmelanogaster.CG17999_uncharacterized_protein_Dmel
Avaga.UJR18784.1_hypothetical_protein_I4U23_005690	21.726	336	194	14	0.002	43.9	Avaga.UJR18784.1_hypothetical_protein_I4U23_005690
Myessoensis.XP_021373021.1_uncharacterized_protein	19.751	562	343	21	0.004	43.1	Myessoensis.XP_021373021.1_uncharacterized_protein
Dmelanogaster.Fatp1_fatty_acid_transport_protein_1	20.872	321	195	13	0.005	43.1	Dmelanogaster.Fatp1_fatty_acid_transport_protein_1
Hsapiens.NP_001295101.1_acyl-coenzyme_A_synthetase	35.802	81	49	3	0.005	42.7	Hsapiens.NP_001295101.1_acyl-coenzyme_A_synthetase
Hsapiens.NP_115890.2_acetyl-coenzyme_A_synthetase_	24.390	205	127	6	0.005	43.1	Hsapiens.NP_115890.2_acetyl-coenzyme_A_synthetase_
Lanatina.XP_013421672.1_very_longchain_acylCoA_syn	21.218	509	306	20	0.006	42.7	Lanatina.XP_013421672.1_very_longchain_acylCoA_syn
Avaga.UJR24336.1_hypothetical_protein_I4U23_027303	30.851	94	60	4	0.006	42.7	Avaga.UJR24336.1_hypothetical_protein_I4U23_027303
Avaga.UJR29564.1_hypothetical_protein_I4U23_010781	27.083	144	91	6	0.007	42.7	Avaga.UJR29564.1_hypothetical_protein_I4U23_010781
Lanatina.XP_013395812.1_4coumarateCoA_ligase_2like	24.590	183	116	7	0.010	40.8	Lanatina.XP_013395812.1_4coumarateCoA_ligase_2like
Avaga.UJR22123.1_hypothetical_protein_I4U23_025187	26.271	118	75	4	0.013	41.6	Avaga.UJR22123.1_hypothetical_protein_I4U23_025187
Myessoensis.XP_021351259.1_acylCoA_synthetase_fami	23.936	188	117	8	0.013	40.8	Myessoensis.XP_021351259.1_acylCoA_synthetase_fami
Avaga.UJR28960.1_hypothetical_protein_I4U23_010177	21.531	209	135	6	0.015	40.8	Avaga.UJR28960.1_hypothetical_protein_I4U23_010177
Cintestinalis.LOC100177106_longchain_fatty_acid_tr	24.206	252	126	11	0.016	41.2	Cintestinalis.LOC100177106_longchain_fatty_acid_tr
Avaga.UJR06586.1_hypothetical_protein_I4U23_010870	30.682	88	56	3	0.016	41.6	Avaga.UJR06586.1_hypothetical_protein_I4U23_010870
Bbelcheri.LOC109482518_very_longchain_acylCoA_synt	26.570	207	128	10	0.016	41.2	Bbelcheri.LOC109482518_very_longchain_acylCoA_synt
Aplanci.LOC110990216_longchain_fatty_acid_transpor	24.190	463	239	28	0.019	40.8	Aplanci.LOC110990216_longchain_fatty_acid_transpor
Bbelcheri.LOC109469900_LOW_QUALITY_PROTEIN_acylCoA	27.211	147	82	6	0.021	40.8	Bbelcheri.LOC109469900_LOW_QUALITY_PROTEIN_acylCoA
Aplanci.LOC110990230_very_longchain_acylCoA_synthe	21.849	357	178	16	0.022	40.8	Aplanci.LOC110990230_very_longchain_acylCoA_synthe
Avaga.UJR12901.1_hypothetical_protein_I4U23_017075	30.682	88	56	3	0.023	40.8	Avaga.UJR12901.1_hypothetical_protein_I4U23_017075
Avaga.UJR22117.1_hypothetical_protein_I4U23_025181	55.172	29	13	0	0.026	40.8	Avaga.UJR22117.1_hypothetical_protein_I4U23_025181
Avaga.UJR11966.1_hypothetical_protein_I4U23_016144	53.571	28	13	0	0.028	40.8	Avaga.UJR11966.1_hypothetical_protein_I4U23_016144
Avaga.UJR13147.1_hypothetical_protein_I4U23_000171	18.966	290	173	7	0.030	40.4	Avaga.UJR13147.1_hypothetical_protein_I4U23_000171
Myessoensis.XP_021371987.1_very_longchain_acylCoA_	22.176	239	161	11	0.038	40.0	Myessoensis.XP_021371987.1_very_longchain_acylCoA_
Aplanci.LOC110990237_very_longchain_acylCoA_synthe	26.708	161	70	9	0.039	40.0	Aplanci.LOC110990237_very_longchain_acylCoA_synthe
Aplanci.LOC110989089_very_longchain_acylCoA_synthe	24.715	263	148	9	0.045	39.7	Aplanci.LOC110989089_very_longchain_acylCoA_synthe
Cintestinalis.LOC100179395_very_longchain_acylCoA_	26.404	178	111	9	0.045	39.7	Cintestinalis.LOC100179395_very_longchain_acylCoA_
Avaga.UJR34792.1_hypothetical_protein_I4U23_027573	22.571	319	165	12	0.050	39.7	Avaga.UJR34792.1_hypothetical_protein_I4U23_027573
Avaga.UJR06584.1_hypothetical_protein_I4U23_010868	29.213	89	58	3	0.057	39.7	Avaga.UJR06584.1_hypothetical_protein_I4U23_010868
Avaga.UJR06582.1_hypothetical_protein_I4U23_010866	29.545	88	57	3	0.059	39.7	Avaga.UJR06582.1_hypothetical_protein_I4U23_010866
Hsapiens.NP_003636.2_very_long-chain_acyl-CoA_synt	38.333	60	29	3	0.066	39.3	Hsapiens.NP_003636.2_very_long-chain_acyl-CoA_synt
Myessoensis.XP_021344841.1_probable_4coumarateCoA_	26.627	169	112	6	0.074	38.1	Myessoensis.XP_021344841.1_probable_4coumarateCoA_
Hsapiens.NP_001017372.1_long-chain_fatty_acid_tran	24.691	243	152	12	0.079	38.9	Hsapiens.NP_001017372.1_long-chain_fatty_acid_tran
Cintestinalis.LOC100175497_very_longchain_acylCoA_	23.669	169	109	3	0.088	38.9	Cintestinalis.LOC100175497_very_longchain_acylCoA_
Avaga.UJR06583.1_hypothetical_protein_I4U23_010867	27.928	111	75	3	0.11	38.9	Avaga.UJR06583.1_hypothetical_protein_I4U23_010867
Hsapiens.NP_078836.1_acyl-CoA_synthetase_short-cha	23.177	384	197	18	0.12	38.5	Hsapiens.NP_078836.1_acyl-CoA_synthetase_short-cha
Aplanci.LOC110990239_very_longchain_acylCoA_synthe	24.576	354	177	18	0.13	38.1	Aplanci.LOC110990239_very_longchain_acylCoA_synthe
Avaga.UJR12977.1_hypothetical_protein_I4U23_000002	25.000	168	94	7	0.13	38.5	Avaga.UJR12977.1_hypothetical_protein_I4U23_000002
Avaga.UJR06876.1_hypothetical_protein_I4U23_011165	28.409	88	58	3	0.13	38.5	Avaga.UJR06876.1_hypothetical_protein_I4U23_011165
Aplanci.LOC110990223_very_longchain_acylCoA_synthe	25.786	159	82	8	0.15	38.1	Aplanci.LOC110990223_very_longchain_acylCoA_synthe
Aplanci.LOC110979053_acetylcoenzyme_A_synthetase_c	32.143	56	37	1	0.17	38.1	Aplanci.LOC110979053_acetylcoenzyme_A_synthetase_c
Lanatina.XP_013384740.1_uncharacterized_protein_LO	22.093	344	186	13	0.20	37.7	Lanatina.XP_013384740.1_uncharacterized_protein_LO
Hsapiens.NP_077306.3_solute_carrier_family_27_memb	21.930	342	212	13	0.21	37.7	Hsapiens.NP_077306.3_solute_carrier_family_27_memb
Aplanci.LOC110987914_very_longchain_acylCoA_synthe	26.540	211	106	10	0.23	37.4	Aplanci.LOC110987914_very_longchain_acylCoA_synthe
Avaga.UJR38878.1_hypothetical_protein_I4U23_031546	29.661	118	64	4	0.24	37.7	Avaga.UJR38878.1_hypothetical_protein_I4U23_031546
Lanatina.XP_013399634.1_longchain_fatty_acid_trans	32.308	65	37	2	0.26	37.4	Lanatina.XP_013399634.1_longchain_fatty_acid_trans
Avaga.UJR38885.1_hypothetical_protein_I4U23_031553	22.314	121	84	4	0.30	37.4	Avaga.UJR38885.1_hypothetical_protein_I4U23_031553
Avaga.UJR34438.1_hypothetical_protein_I4U23_021845	29.508	61	42	1	0.32	36.2	Avaga.UJR34438.1_hypothetical_protein_I4U23_021845
Lanatina.XP_013408207.1_acetylcoenzyme_A_synthetas	39.130	46	26	1	0.34	37.0	Lanatina.XP_013408207.1_acetylcoenzyme_A_synthetas
Myessoensis.XP_021351477.1_very_longchain_acylCoA_	23.529	238	156	11	0.38	37.0	Myessoensis.XP_021351477.1_very_longchain_acylCoA_
Avaga.UJR24335.1_hypothetical_protein_I4U23_027302	24.405	168	95	7	0.40	37.0	Avaga.UJR24335.1_hypothetical_protein_I4U23_027302
Dmelanogaster.CG9993_uncharacterized_protein_Dmel_	25.325	154	104	5	0.41	36.6	Dmelanogaster.CG9993_uncharacterized_protein_Dmel_
Avaga.UJR13008.1_hypothetical_protein_I4U23_000034	23.214	168	104	7	0.53	35.8	Avaga.UJR13008.1_hypothetical_protein_I4U23_000034
Avaga.UJR06882.1_hypothetical_protein_I4U23_011171	28.409	88	58	3	0.56	36.6	Avaga.UJR06882.1_hypothetical_protein_I4U23_011171
Avaga.UJR18561.1_hypothetical_protein_I4U23_005468	50.000	32	16	0	0.65	36.2	Avaga.UJR18561.1_hypothetical_protein_I4U23_005468
Dmelanogaster.e_ebony	40.000	50	29	1	0.77	35.8	Dmelanogaster.e_ebony
Myessoensis.XP_021345905.1_very_longchain_acylCoA_	23.810	252	169	10	0.94	35.4	Myessoensis.XP_021345905.1_very_longchain_acylCoA_
Cintestinalis.LOC100183162_discointeracting_protei	29.134	127	72	6	1.3	35.4	Cintestinalis.LOC100183162_discointeracting_protei
Myessoensis.XP_021341601.1_longchain_fatty_acid_tr	22.778	180	109	7	1.4	35.0	Myessoensis.XP_021341601.1_longchain_fatty_acid_tr
Avaga.UJR30965.1_hypothetical_protein_I4U23_018477	26.214	103	61	4	1.4	34.7	Avaga.UJR30965.1_hypothetical_protein_I4U23_018477
Hsapiens.NP_036386.1_bile_acyl-CoA_synthetase_isof	33.333	57	36	1	1.5	35.0	Hsapiens.NP_036386.1_bile_acyl-CoA_synthetase_isof
Lanatina.XP_023930611.1_very_longchain_acylCoA_syn	23.318	223	117	9	1.7	34.7	Lanatina.XP_023930611.1_very_longchain_acylCoA_syn
Myessoensis.XP_021370911.1_very_longchain_acylCoA_	23.144	229	163	7	1.9	34.7	Myessoensis.XP_021370911.1_very_longchain_acylCoA_
Aplanci.LOC110990228_very_longchain_acylCoA_synthe	28.972	107	68	4	1.9	34.7	Aplanci.LOC110990228_very_longchain_acylCoA_synthe
Lanatina.XP_013419834.1_uncharacterized_protein_LO	25.714	175	97	8	1.9	34.7	Lanatina.XP_013419834.1_uncharacterized_protein_LO
Avaga.UJR34791.1_hypothetical_protein_I4U23_027572	40.000	30	18	0	2.0	34.7	Avaga.UJR34791.1_hypothetical_protein_I4U23_027572
Egranulosus.XP_024355335.1_Longchain_fatty_acid_tr	26.667	105	67	4	2.1	34.3	Egranulosus.XP_024355335.1_Longchain_fatty_acid_tr
Myessoensis.XP_021363438.1_uncharacterized_protein	56.522	23	10	0	2.3	34.3	Myessoensis.XP_021363438.1_uncharacterized_protein
Aplanci.LOC110981579_acetylcoenzyme_A_synthetase_2	21.832	513	282	26	2.4	34.3	Aplanci.LOC110981579_acetylcoenzyme_A_synthetase_2
Avaga.UJR16975.1_hypothetical_protein_I4U23_003873	25.532	94	59	3	2.5	34.3	Avaga.UJR16975.1_hypothetical_protein_I4U23_003873
Avaga.UJR18294.1_hypothetical_protein_I4U23_005197	40.000	30	18	0	2.6	33.5	Avaga.UJR18294.1_hypothetical_protein_I4U23_005197
Cintestinalis.LOC100179555_acetylcoenzyme_A_synthe	41.935	31	18	0	2.9	33.9	Cintestinalis.LOC100179555_acetylcoenzyme_A_synthe
Cintestinalis.LOC104266550_acetylcoenzyme_A_synthe	31.034	58	38	2	3.2	33.9	Cintestinalis.LOC104266550_acetylcoenzyme_A_synthe
Myessoensis.XP_021343541.1_acetylcoenzyme_A_synthe	23.184	358	171	18	3.3	33.9	Myessoensis.XP_021343541.1_acetylcoenzyme_A_synthe
Avaga.UJR06668.1_hypothetical_protein_I4U23_010954	38.710	31	19	0	3.6	33.9	Avaga.UJR06668.1_hypothetical_protein_I4U23_010954
Myessoensis.XP_021346233.1_uncharacterized_protein	38.462	39	22	1	3.8	33.9	Myessoensis.XP_021346233.1_uncharacterized_protein
Dmelanogaster.AcCoAS_acetyl_coenzyme_A_synthase_is	35.484	31	20	0	3.8	33.5	Dmelanogaster.AcCoAS_acetyl_coenzyme_A_synthase_is
Avaga.UJR12686.1_hypothetical_protein_I4U23_016860	41.935	31	16	1	3.8	33.5	Avaga.UJR12686.1_hypothetical_protein_I4U23_016860
Avaga.UJR29694.1_hypothetical_protein_I4U23_017242	30.682	88	46	4	3.9	33.9	Avaga.UJR29694.1_hypothetical_protein_I4U23_017242
Myessoensis.XP_021371072.1_LOW_QUALITY_PROTEIN_ded	29.189	185	107	10	4.5	33.5	Myessoensis.XP_021371072.1_LOW_QUALITY_PROTEIN_ded
Myessoensis.XP_021353017.1_thyroid_adenomaassociat	31.579	57	33	2	4.6	33.5	Myessoensis.XP_021353017.1_thyroid_adenomaassociat
Avaga.UJR38873.1_hypothetical_protein_I4U23_031541	24.324	74	55	1	5.0	33.1	Avaga.UJR38873.1_hypothetical_protein_I4U23_031541
Myessoensis.XP_021360663.1_very_longchain_acylCoA_	23.967	242	144	8	5.1	33.1	Myessoensis.XP_021360663.1_very_longchain_acylCoA_
Bbelcheri.LOC109474828_acetylcoenzyme_A_synthetase	28.319	113	58	6	5.5	33.1	Bbelcheri.LOC109474828_acetylcoenzyme_A_synthetase
Avaga.UJR38876.1_hypothetical_protein_I4U23_031544	24.324	74	55	1	6.2	32.7	Avaga.UJR38876.1_hypothetical_protein_I4U23_031544
Bbelcheri.LOC109482865_LOW_QUALITY_PROTEIN_unchara	40.541	37	20	1	6.3	33.1	Bbelcheri.LOC109482865_LOW_QUALITY_PROTEIN_unchara
Hsapiens.NP_061147.1_acetyl-coenzyme_A_synthetase	32.609	46	29	1	6.3	32.7	Hsapiens.NP_061147.1_acetyl-coenzyme_A_synthetase,
Avaga.UJR15735.1_hypothetical_protein_I4U23_002670	24.812	133	77	8	7.2	32.7	Avaga.UJR15735.1_hypothetical_protein_I4U23_002670
Aplanci.LOC110985905_uncharacterized_protein_LOC11	41.176	34	18	1	7.7	32.7	Aplanci.LOC110985905_uncharacterized_protein_LOC11
Hsapiens.NP_997204.2_acyl-coenzyme_A_synthetase_AC	22.517	151	96	5	7.8	32.3	Hsapiens.NP_997204.2_acyl-coenzyme_A_synthetase_AC
Lanatina.XP_013387971.1_acetylcoenzyme_A_synthetas	22.111	199	137	6	7.8	32.7	Lanatina.XP_013387971.1_acetylcoenzyme_A_synthetas
Cintestinalis.LOC100175381_uncharacterized_protein	23.469	196	126	7	7.9	32.7	Cintestinalis.LOC100175381_uncharacterized_protein
Egranulosus.XP_024349225.1_hypothetical_protein_EG	33.333	57	32	2	8.3	32.7	Egranulosus.XP_024349225.1_hypothetical_protein_EG
Bbelcheri.LOC109464160_uncharacterized_protein_LOC	29.268	82	50	3	8.5	31.6	Bbelcheri.LOC109464160_uncharacterized_protein_LOC
Avaga.UJR35856.1_hypothetical_protein_I4U23_028600	27.119	59	41	1	8.7	30.4	Avaga.UJR35856.1_hypothetical_protein_I4U23_028600
